c:\users\crist\onedrive\área de trabalho\laboratório de informatica\project2\project2\debug\vc142.pdb
c:\users\crist\onedrive\área de trabalho\laboratório de informatica\project2\project2\debug\vc142.idb
c:\users\crist\onedrive\área de trabalho\laboratório de informatica\project2\project2\debug\source.obj
c:\users\crist\onedrive\área de trabalho\laboratório de informatica\project2\project2\debug\source1.obj
c:\users\crist\onedrive\área de trabalho\laboratório de informatica\project2\project2\debug\source.obj.enc
c:\users\crist\onedrive\área de trabalho\laboratório de informatica\project2\debug\project2.pdb
c:\users\crist\onedrive\área de trabalho\laboratório de informatica\project2\project2\debug\project2.tlog\cl.command.1.tlog
c:\users\crist\onedrive\área de trabalho\laboratório de informatica\project2\project2\debug\project2.tlog\cl.read.1.tlog
c:\users\crist\onedrive\área de trabalho\laboratório de informatica\project2\project2\debug\project2.tlog\cl.write.1.tlog
c:\users\crist\onedrive\área de trabalho\laboratório de informatica\project2\project2\debug\project2.tlog\link-cvtres.read.1.tlog
c:\users\crist\onedrive\área de trabalho\laboratório de informatica\project2\project2\debug\project2.tlog\link-cvtres.write.1.tlog
c:\users\crist\onedrive\área de trabalho\laboratório de informatica\project2\project2\debug\project2.tlog\link-rc.read.1.tlog
c:\users\crist\onedrive\área de trabalho\laboratório de informatica\project2\project2\debug\project2.tlog\link-rc.write.1.tlog
c:\users\crist\onedrive\área de trabalho\laboratório de informatica\project2\project2\debug\project2.tlog\link.19696-cvtres.read.1.tlog
c:\users\crist\onedrive\área de trabalho\laboratório de informatica\project2\project2\debug\project2.tlog\link.19696-cvtres.write.1.tlog
c:\users\crist\onedrive\área de trabalho\laboratório de informatica\project2\project2\debug\project2.tlog\link.19696-rc.read.1.tlog
c:\users\crist\onedrive\área de trabalho\laboratório de informatica\project2\project2\debug\project2.tlog\link.19696-rc.write.1.tlog
c:\users\crist\onedrive\área de trabalho\laboratório de informatica\project2\project2\debug\project2.tlog\link.19696.read.1.tlog
c:\users\crist\onedrive\área de trabalho\laboratório de informatica\project2\project2\debug\project2.tlog\link.19696.write.1.tlog
c:\users\crist\onedrive\área de trabalho\laboratório de informatica\project2\project2\debug\project2.tlog\link.command.1.tlog
c:\users\crist\onedrive\área de trabalho\laboratório de informatica\project2\project2\debug\project2.tlog\link.read.1.tlog
c:\users\crist\onedrive\área de trabalho\laboratório de informatica\project2\project2\debug\project2.tlog\link.write.1.tlog
